This file contains any messages produced by compilers while
running configure, to aid debugging if configure makes a mistake.

It was created by configure, which was
generated by GNU Autoconf 2.68.  Invocation command line was

  $ ./configure 

## --------- ##
## Platform. ##
## --------- ##

hostname = Trevors-MacBook-Pro.local
uname -m = x86_64
uname -r = 13.0.0
uname -s = Darwin
uname -v = Darwin Kernel Version 13.0.0: Thu Sep 19 22:22:27 PDT 2013; root:xnu-2422.1.72~6/RELEASE_X86_64

/usr/bin/uname -p = i386
/bin/uname -X     = unknown

/bin/arch              = unknown
/usr/bin/arch -k       = unknown
/usr/convex/getsysinfo = unknown
/usr/bin/hostinfo      = Mach kernel version:
	 Darwin Kernel Version 13.0.0: Thu Sep 19 22:22:27 PDT 2013; root:xnu-2422.1.72~6/RELEASE_X86_64
Kernel configured for up to 8 processors.
4 processors are physically available.
8 processors are logically available.
Processor type: i486 (Intel 80486)
Processors active: 0 1 2 3 4 5 6 7
Primary memory available: 8.00 gigabytes
Default processor set: 165 tasks, 863 threads, 8 processors
Load average: 2.03, Mach factor: 5.96
/bin/machine           = unknown
/usr/bin/oslevel       = unknown
/bin/universe          = unknown

PATH: /usr/bin
PATH: /bin
PATH: /usr/sbin
PATH: /sbin
PATH: /usr/local/bin
PATH: /Tint/Runtime/depot_tools_mac
PATH: /Users/tlinton/Library/Emscripten/
PATH: /Users/tlinton/Library/Emscripten/clang/3.2_64bit/bin
PATH: /Users/tlinton/Library/Emscripten/node/0.10.18_64bit/bin
PATH: /Users/tlinton/Library/Emscripten/emscripten/1.8.2


## ----------- ##
## Core tests. ##
## ----------- ##

configure:2473: checking build system type
configure:2487: result: i386-apple-darwin13.0.0
configure:2507: checking host system type
configure:2520: result: i386-apple-darwin13.0.0
configure:2600: checking for a BSD-compatible install
configure:2668: result: /usr/bin/install -c
configure:2679: checking whether build environment is sane
configure:2729: result: yes
configure:2870: checking for a thread-safe mkdir -p
configure:2909: result: ./install-sh -c -d
configure:2922: checking for gawk
configure:2952: result: no
configure:2922: checking for mawk
configure:2952: result: no
configure:2922: checking for nawk
configure:2952: result: no
configure:2922: checking for awk
configure:2938: found /usr/bin/awk
configure:2949: result: awk
configure:2960: checking whether make sets $(MAKE)
configure:2982: result: yes
configure:3127: checking for gcc
configure:3143: found /usr/bin/gcc
configure:3154: result: gcc
configure:3383: checking for C compiler version
configure:3392: gcc --version >&5
Apple LLVM version 5.0 (clang-500.2.79) (based on LLVM 3.3svn)
Target: x86_64-apple-darwin13.0.0
Thread model: posix
Configured with: --prefix=/Applications/Xcode.app/Contents/Developer/usr --with-gxx-include-dir=/usr/include/c++/4.2.1
configure:3403: $? = 0
configure:3392: gcc -v >&5
Configured with: --prefix=/Applications/Xcode.app/Contents/Developer/usr --with-gxx-include-dir=/usr/include/c++/4.2.1
Apple LLVM version 5.0 (clang-500.2.79) (based on LLVM 3.3svn)
Target: x86_64-apple-darwin13.0.0
Thread model: posix
configure:3403: $? = 0
configure:3392: gcc -V >&5
clang: error: argument to '-V' is missing (expected 1 value)
clang: error: no input files
configure:3403: $? = 1
configure:3392: gcc -qversion >&5
clang: error: no input files
configure:3403: $? = 1
configure:3423: checking whether the C compiler works
configure:3445: gcc    conftest.c  >&5
configure:3449: $? = 0
configure:3497: result: yes
configure:3500: checking for C compiler default output file name
configure:3502: result: a.out
configure:3508: checking for suffix of executables
configure:3515: gcc -o conftest    conftest.c  >&5
configure:3519: $? = 0
configure:3541: result: 
configure:3563: checking whether we are cross compiling
configure:3571: gcc -o conftest    conftest.c  >&5
configure:3575: $? = 0
configure:3582: ./conftest
configure:3586: $? = 0
configure:3601: result: no
configure:3606: checking for suffix of object files
configure:3628: gcc -c   conftest.c >&5
configure:3632: $? = 0
configure:3653: result: o
configure:3657: checking whether we are using the GNU C compiler
configure:3676: gcc -c   conftest.c >&5
configure:3676: $? = 0
configure:3685: result: yes
configure:3694: checking whether gcc accepts -g
configure:3714: gcc -c -g  conftest.c >&5
configure:3714: $? = 0
configure:3755: result: yes
configure:3772: checking for gcc option to accept ISO C89
configure:3836: gcc  -c -g -O2  conftest.c >&5
configure:3836: $? = 0
configure:3849: result: none needed
configure:3880: checking for style of include used by make
configure:3908: result: GNU
configure:3933: checking dependency style of gcc
configure:4043: result: gcc3
configure:4059: checking whether ln -s works
configure:4063: result: yes
configure:4076: checking how to run the C preprocessor
configure:4107: gcc -E  conftest.c
configure:4107: $? = 0
configure:4121: gcc -E  conftest.c
conftest.c:11:10: fatal error: 'ac_nonexistent.h' file not found
#include <ac_nonexistent.h>
         ^
1 error generated.
configure:4121: $? = 1
configure: failed program was:
| /* confdefs.h */
| #define PACKAGE_NAME ""
| #define PACKAGE_TARNAME ""
| #define PACKAGE_VERSION ""
| #define PACKAGE_STRING ""
| #define PACKAGE_BUGREPORT ""
| #define PACKAGE_URL ""
| #define PACKAGE "libxml2"
| #define VERSION "2.9.1"
| /* end confdefs.h.  */
| #include <ac_nonexistent.h>
configure:4146: result: gcc -E
configure:4166: gcc -E  conftest.c
configure:4166: $? = 0
configure:4180: gcc -E  conftest.c
conftest.c:11:10: fatal error: 'ac_nonexistent.h' file not found
#include <ac_nonexistent.h>
         ^
1 error generated.
configure:4180: $? = 1
configure: failed program was:
| /* confdefs.h */
| #define PACKAGE_NAME ""
| #define PACKAGE_TARNAME ""
| #define PACKAGE_VERSION ""
| #define PACKAGE_STRING ""
| #define PACKAGE_BUGREPORT ""
| #define PACKAGE_URL ""
| #define PACKAGE "libxml2"
| #define VERSION "2.9.1"
| /* end confdefs.h.  */
| #include <ac_nonexistent.h>
configure:4210: checking for mv
configure:4228: found /bin/mv
configure:4241: result: /bin/mv
configure:4251: checking for tar
configure:4269: found /usr/bin/tar
configure:4282: result: /usr/bin/tar
configure:4292: checking for perl
configure:4310: found /usr/bin/perl
configure:4323: result: /usr/bin/perl
configure:4333: checking for wget
configure:4364: result: /usr/bin/wget
configure:4374: checking for xmllint
configure:4392: found /usr/bin/xmllint
configure:4405: result: /usr/bin/xmllint
configure:4415: checking for xsltproc
configure:4433: found /usr/bin/xsltproc
configure:4446: result: /usr/bin/xsltproc
configure:4502: checking how to print strings
configure:4529: result: printf
configure:4550: checking for a sed that does not truncate output
configure:4614: result: /usr/bin/sed
configure:4632: checking for grep that handles long lines and -e
configure:4690: result: /usr/bin/grep
configure:4695: checking for egrep
configure:4757: result: /usr/bin/grep -E
configure:4762: checking for fgrep
configure:4824: result: /usr/bin/grep -F
configure:4859: checking for ld used by gcc
configure:4926: result: /Applications/Xcode.app/Contents/Developer/Toolchains/XcodeDefault.xctoolchain/usr/bin/ld
configure:4933: checking if the linker (/Applications/Xcode.app/Contents/Developer/Toolchains/XcodeDefault.xctoolchain/usr/bin/ld) is GNU ld
configure:4948: result: no
configure:4960: checking for BSD- or MS-compatible name lister (nm)
configure:5009: result: /usr/bin/nm
configure:5139: checking the name lister (/usr/bin/nm) interface
configure:5146: gcc -c -g -O2  conftest.c >&5
configure:5149: /usr/bin/nm "conftest.o"
configure:5152: output
0000000000000204 S _some_variable
configure:5159: result: BSD nm
configure:5163: checking the maximum length of command line arguments
configure:5288: result: 196608
configure:5305: checking whether the shell understands some XSI constructs
configure:5315: result: yes
configure:5319: checking whether the shell understands "+="
configure:5325: result: yes
configure:5360: checking how to convert i386-apple-darwin13.0.0 file names to i386-apple-darwin13.0.0 format
configure:5400: result: func_convert_file_noop
configure:5407: checking how to convert i386-apple-darwin13.0.0 file names to toolchain format
configure:5427: result: func_convert_file_noop
configure:5434: checking for /Applications/Xcode.app/Contents/Developer/Toolchains/XcodeDefault.xctoolchain/usr/bin/ld option to reload object files
configure:5441: result: -r
configure:5515: checking for objdump
configure:5545: result: no
configure:5574: checking how to recognize dependent libraries
configure:5776: result: pass_all
configure:5861: checking for dlltool
configure:5891: result: no
configure:5921: checking how to associate runtime and link libraries
configure:5948: result: printf %s\n
configure:6009: checking for ar
configure:6025: found /usr/bin/ar
configure:6036: result: ar
configure:6073: checking for archiver @FILE support
configure:6090: gcc -c -g -O2  conftest.c >&5
configure:6090: $? = 0
configure:6093: ar cru libconftest.a @conftest.lst >&5
ar: @conftest.lst: No such file or directory
configure:6096: $? = 1
configure:6116: result: no
configure:6174: checking for strip
configure:6190: found /usr/bin/strip
configure:6201: result: strip
configure:6273: checking for ranlib
configure:6289: found /usr/bin/ranlib
configure:6300: result: ranlib
configure:6402: checking command to parse /usr/bin/nm output from gcc object
configure:6521: gcc -c -g -O2  conftest.c >&5
configure:6524: $? = 0
configure:6528: /usr/bin/nm conftest.o \| sed -n -e 's/^.*[ ]\([BCDEGRST][BCDEGRST]*\)[ ][ ]*\([_A-Za-z][_A-Za-z0-9]*\)$/\1 \2 \2/p' | sed '/ __gnu_lto/d' \> conftest.nm
configure:6531: $? = 0
cannot find nm_test_var in conftest.nm
configure:6521: gcc -c -g -O2  conftest.c >&5
configure:6524: $? = 0
configure:6528: /usr/bin/nm conftest.o \| sed -n -e 's/^.*[ ]\([BCDEGRST][BCDEGRST]*\)[ ][ ]*_\([_A-Za-z][_A-Za-z0-9]*\)$/\1 _\2 \2/p' | sed '/ __gnu_lto/d' \> conftest.nm
configure:6531: $? = 0
configure:6597: gcc -o conftest -g -O2   conftest.c conftstm.o >&5
configure:6600: $? = 0
configure:6638: result: ok
configure:6675: checking for sysroot
configure:6705: result: no
configure:6948: checking for mt
configure:6978: result: no
configure:6998: checking if : is a manifest tool
configure:7004: : '-?'
configure:7012: result: no
configure:7068: checking for dsymutil
configure:7084: found /usr/bin/dsymutil
configure:7095: result: dsymutil
configure:7160: checking for nmedit
configure:7176: found /usr/bin/nmedit
configure:7187: result: nmedit
configure:7252: checking for lipo
configure:7268: found /usr/bin/lipo
configure:7279: result: lipo
configure:7344: checking for otool
configure:7360: found /usr/bin/otool
configure:7371: result: otool
configure:7436: checking for otool64
configure:7466: result: no
configure:7511: checking for -single_module linker flag
gcc -g -O2  -o libconftest.dylib -dynamiclib -Wl,-single_module conftest.c
configure:7538: result: yes
configure:7540: checking for -exported_symbols_list linker flag
configure:7560: gcc -o conftest -g -O2   -Wl,-exported_symbols_list,conftest.sym conftest.c  >&5
configure:7560: $? = 0
configure:7570: result: yes
configure:7572: checking for -force_load linker flag
gcc -g -O2 -c -o conftest.o conftest.c
ar cru libconftest.a conftest.o
ranlib libconftest.a
gcc -g -O2  -o conftest conftest.c -Wl,-force_load,./libconftest.a
configure:7602: result: yes
configure:7640: checking for ANSI C header files
configure:7660: gcc -c -g -O2  conftest.c >&5
configure:7660: $? = 0
configure:7733: gcc -o conftest -g -O2   conftest.c  >&5
configure:7733: $? = 0
configure:7733: ./conftest
configure:7733: $? = 0
configure:7744: result: yes
configure:7757: checking for sys/types.h
configure:7757: gcc -c -g -O2  conftest.c >&5
configure:7757: $? = 0
configure:7757: result: yes
configure:7757: checking for sys/stat.h
configure:7757: gcc -c -g -O2  conftest.c >&5
configure:7757: $? = 0
configure:7757: result: yes
configure:7757: checking for stdlib.h
configure:7757: gcc -c -g -O2  conftest.c >&5
configure:7757: $? = 0
configure:7757: result: yes
configure:7757: checking for string.h
configure:7757: gcc -c -g -O2  conftest.c >&5
configure:7757: $? = 0
configure:7757: result: yes
configure:7757: checking for memory.h
configure:7757: gcc -c -g -O2  conftest.c >&5
configure:7757: $? = 0
configure:7757: result: yes
configure:7757: checking for strings.h
configure:7757: gcc -c -g -O2  conftest.c >&5
configure:7757: $? = 0
configure:7757: result: yes
configure:7757: checking for inttypes.h
configure:7757: gcc -c -g -O2  conftest.c >&5
configure:7757: $? = 0
configure:7757: result: yes
configure:7757: checking for stdint.h
configure:7757: gcc -c -g -O2  conftest.c >&5
configure:7757: $? = 0
configure:7757: result: yes
configure:7757: checking for unistd.h
configure:7757: gcc -c -g -O2  conftest.c >&5
configure:7757: $? = 0
configure:7757: result: yes
configure:7771: checking for dlfcn.h
configure:7771: gcc -c -g -O2  conftest.c >&5
configure:7771: $? = 0
configure:7771: result: yes
configure:7958: checking for objdir
configure:7973: result: .libs
configure:8244: checking if gcc supports -fno-rtti -fno-exceptions
configure:8262: gcc -c -g -O2  -fno-rtti -fno-exceptions conftest.c >&5
configure:8266: $? = 0
configure:8279: result: yes
configure:8589: checking for gcc option to produce PIC
configure:8596: result: -fno-common -DPIC
configure:8604: checking if gcc PIC flag -fno-common -DPIC works
configure:8622: gcc -c -g -O2  -fno-common -DPIC -DPIC conftest.c >&5
configure:8626: $? = 0
configure:8639: result: yes
configure:8668: checking if gcc static flag -static works
configure:8696: result: no
configure:8711: checking if gcc supports -c -o file.o
configure:8732: gcc -c -g -O2  -o out/conftest2.o conftest.c >&5
configure:8736: $? = 0
configure:8758: result: yes
configure:8766: checking if gcc supports -c -o file.o
configure:8813: result: yes
configure:8846: checking whether the gcc linker (/Applications/Xcode.app/Contents/Developer/Toolchains/XcodeDefault.xctoolchain/usr/bin/ld) supports shared libraries
configure:10004: result: yes
configure:10249: checking dynamic linker characteristics
configure:10985: result: darwin13.0.0 dyld
configure:11092: checking how to hardcode library paths into programs
configure:11117: result: immediate
configure:11657: checking whether stripping libraries is possible
configure:11671: result: yes
configure:11697: checking if libtool supports shared libraries
configure:11699: result: yes
configure:11702: checking whether to build shared libraries
configure:11723: result: yes
configure:11726: checking whether to build static libraries
configure:11730: result: yes
configure:12240: checking zlib.h usability
configure:12240: gcc -c -g -O2  conftest.c >&5
configure:12240: $? = 0
configure:12240: result: yes
configure:12240: checking zlib.h presence
configure:12240: gcc -E  conftest.c
configure:12240: $? = 0
configure:12240: result: yes
configure:12240: checking for zlib.h
configure:12240: result: yes
configure:12245: checking for gzread in -lz
configure:12270: gcc -o conftest -g -O2   conftest.c -lz   >&5
configure:12270: $? = 0
configure:12279: result: yes

## ---------------- ##
## Cache variables. ##
## ---------------- ##

ac_cv_build=i386-apple-darwin13.0.0
ac_cv_c_compiler_gnu=yes
ac_cv_env_CC_set=
ac_cv_env_CC_value=
ac_cv_env_CFLAGS_set=
ac_cv_env_CFLAGS_value=
ac_cv_env_CPPFLAGS_set=
ac_cv_env_CPPFLAGS_value=
ac_cv_env_CPP_set=
ac_cv_env_CPP_value=
ac_cv_env_LDFLAGS_set=
ac_cv_env_LDFLAGS_value=
ac_cv_env_LIBS_set=
ac_cv_env_LIBS_value=
ac_cv_env_build_alias_set=
ac_cv_env_build_alias_value=
ac_cv_env_host_alias_set=
ac_cv_env_host_alias_value=
ac_cv_env_target_alias_set=
ac_cv_env_target_alias_value=
ac_cv_header_dlfcn_h=yes
ac_cv_header_inttypes_h=yes
ac_cv_header_memory_h=yes
ac_cv_header_stdc=yes
ac_cv_header_stdint_h=yes
ac_cv_header_stdlib_h=yes
ac_cv_header_string_h=yes
ac_cv_header_strings_h=yes
ac_cv_header_sys_stat_h=yes
ac_cv_header_sys_types_h=yes
ac_cv_header_unistd_h=yes
ac_cv_header_zlib_h=yes
ac_cv_host=i386-apple-darwin13.0.0
ac_cv_lib_z_gzread=yes
ac_cv_objext=o
ac_cv_path_EGREP='/usr/bin/grep -E'
ac_cv_path_FGREP='/usr/bin/grep -F'
ac_cv_path_GREP=/usr/bin/grep
ac_cv_path_MV=/bin/mv
ac_cv_path_PERL=/usr/bin/perl
ac_cv_path_SED=/usr/bin/sed
ac_cv_path_TAR=/usr/bin/tar
ac_cv_path_WGET=/usr/bin/wget
ac_cv_path_XMLLINT=/usr/bin/xmllint
ac_cv_path_XSLTPROC=/usr/bin/xsltproc
ac_cv_path_install='/usr/bin/install -c'
ac_cv_prog_AWK=awk
ac_cv_prog_CPP='gcc -E'
ac_cv_prog_ac_ct_AR=ar
ac_cv_prog_ac_ct_CC=gcc
ac_cv_prog_ac_ct_DSYMUTIL=dsymutil
ac_cv_prog_ac_ct_LIPO=lipo
ac_cv_prog_ac_ct_NMEDIT=nmedit
ac_cv_prog_ac_ct_OTOOL=otool
ac_cv_prog_ac_ct_RANLIB=ranlib
ac_cv_prog_ac_ct_STRIP=strip
ac_cv_prog_cc_c89=
ac_cv_prog_cc_g=yes
ac_cv_prog_make_make_set=yes
am_cv_CC_dependencies_compiler_type=gcc3
lt_cv_apple_cc_single_mod=yes
lt_cv_ar_at_file=no
lt_cv_deplibs_check_method=pass_all
lt_cv_file_magic_cmd='$MAGIC_CMD'
lt_cv_file_magic_test_file=
lt_cv_ld_exported_symbols_list=yes
lt_cv_ld_force_load=yes
lt_cv_ld_reload_flag=-r
lt_cv_nm_interface='BSD nm'
lt_cv_objdir=.libs
lt_cv_path_LD=/Applications/Xcode.app/Contents/Developer/Toolchains/XcodeDefault.xctoolchain/usr/bin/ld
lt_cv_path_NM=/usr/bin/nm
lt_cv_path_mainfest_tool=no
lt_cv_prog_compiler_c_o=yes
lt_cv_prog_compiler_pic='-fno-common -DPIC'
lt_cv_prog_compiler_pic_works=yes
lt_cv_prog_compiler_rtti_exceptions=yes
lt_cv_prog_compiler_static_works=no
lt_cv_prog_gnu_ld=no
lt_cv_sharedlib_from_linklib_cmd='printf %s\n'
lt_cv_sys_global_symbol_pipe='sed -n -e '\''s/^.*[	 ]\([BCDEGRST][BCDEGRST]*\)[	 ][	 ]*_\([_A-Za-z][_A-Za-z0-9]*\)$/\1 _\2 \2/p'\'' | sed '\''/ __gnu_lto/d'\'''
lt_cv_sys_global_symbol_to_c_name_address='sed -n -e '\''s/^: \([^ ]*\)[ ]*$/  {\"\1\", (void *) 0},/p'\'' -e '\''s/^[BCDEGRST]* \([^ ]*\) \([^ ]*\)$/  {"\2", (void *) \&\2},/p'\'''
lt_cv_sys_global_symbol_to_c_name_address_lib_prefix='sed -n -e '\''s/^: \([^ ]*\)[ ]*$/  {\"\1\", (void *) 0},/p'\'' -e '\''s/^[BCDEGRST]* \([^ ]*\) \(lib[^ ]*\)$/  {"\2", (void *) \&\2},/p'\'' -e '\''s/^[BCDEGRST]* \([^ ]*\) \([^ ]*\)$/  {"lib\2", (void *) \&\2},/p'\'''
lt_cv_sys_global_symbol_to_cdecl='sed -n -e '\''s/^T .* \(.*\)$/extern int \1();/p'\'' -e '\''s/^[BCDEGRST]* .* \(.*\)$/extern char \1;/p'\'''
lt_cv_sys_max_cmd_len=196608
lt_cv_to_host_file_cmd=func_convert_file_noop
lt_cv_to_tool_file_cmd=func_convert_file_noop

## ----------------- ##
## Output variables. ##
## ----------------- ##

ACLOCAL='${SHELL} /Tint/webkit.js/deps/libxml2/missing --run aclocal-1.11'
AMDEPBACKSLASH='\'
AMDEP_FALSE='#'
AMDEP_TRUE=''
AMTAR='${SHELL} /Tint/webkit.js/deps/libxml2/missing --run tar'
AM_BACKSLASH='\'
AM_DEFAULT_VERBOSITY='0'
AR='ar'
AUTOCONF='${SHELL} /Tint/webkit.js/deps/libxml2/missing --run autoconf'
AUTOHEADER='${SHELL} /Tint/webkit.js/deps/libxml2/missing --run autoheader'
AUTOMAKE='${SHELL} /Tint/webkit.js/deps/libxml2/missing --run automake-1.11'
AWK='awk'
BASE_THREAD_LIBS=''
C14N_OBJ=''
CATALOG_OBJ=''
CC='gcc'
CCDEPMODE='depmode=gcc3'
CFLAGS='-g -O2'
CPP='gcc -E'
CPPFLAGS=''
CYGPATH_W='echo'
CYGWIN_EXTRA_LDFLAGS=''
CYGWIN_EXTRA_PYTHON_LIBADD=''
DEBUG_OBJ=''
DEFS=''
DEPDIR='.deps'
DLLTOOL='false'
DOCB_OBJ=''
DSYMUTIL='dsymutil'
DUMPBIN=''
ECHO_C='\c'
ECHO_N=''
ECHO_T=''
EGREP='/usr/bin/grep -E'
EXEEXT=''
FGREP='/usr/bin/grep -F'
FTP_OBJ=''
GREP='/usr/bin/grep'
HAVE_ISINF=''
HAVE_ISNAN=''
HTML_DIR='$(datadir)/doc/$(PACKAGE)-$(VERSION)/html'
HTML_OBJ=''
HTTP_OBJ=''
ICONV_LIBS=''
ICU_LIBS=''
INSTALL_DATA='${INSTALL} -m 644'
INSTALL_PROGRAM='${INSTALL}'
INSTALL_SCRIPT='${INSTALL}'
INSTALL_STRIP_PROGRAM='$(install_sh) -c -s'
LD='/Applications/Xcode.app/Contents/Developer/Toolchains/XcodeDefault.xctoolchain/usr/bin/ld'
LDFLAGS=''
LIBOBJS=''
LIBS=''
LIBTOOL='$(SHELL) $(top_builddir)/libtool'
LIBXML_MAJOR_VERSION='2'
LIBXML_MICRO_VERSION='1'
LIBXML_MINOR_VERSION='9'
LIBXML_VERSION='2.9.1'
LIBXML_VERSION_EXTRA=''
LIBXML_VERSION_INFO='11:1:9'
LIBXML_VERSION_NUMBER='20901'
LIPO='lipo'
LN_S='ln -s'
LTLIBOBJS=''
LZMA_CFLAGS=''
LZMA_LIBS=''
MAKEINFO='${SHELL} /Tint/webkit.js/deps/libxml2/missing --run makeinfo'
MANIFEST_TOOL=':'
MKDIR_P='./install-sh -c -d'
MODULE_EXTENSION=''
MODULE_PLATFORM_LIBS=''
MV='/bin/mv'
M_LIBS=''
NM='/usr/bin/nm'
NMEDIT='nmedit'
OBJDUMP='false'
OBJEXT='o'
OTOOL64=':'
OTOOL='otool'
PACKAGE='libxml2'
PACKAGE_BUGREPORT=''
PACKAGE_NAME=''
PACKAGE_STRING=''
PACKAGE_TARNAME=''
PACKAGE_URL=''
PACKAGE_VERSION=''
PATH_SEPARATOR=':'
PERL='/usr/bin/perl'
PYTHON=''
PYTHON_INCLUDES=''
PYTHON_LIBS=''
PYTHON_SITE_PACKAGES=''
PYTHON_SUBDIR=''
PYTHON_TESTS=''
PYTHON_VERSION=''
RANLIB='ranlib'
RDL_LIBS=''
READER_TEST=''
REBUILD_DOCS_FALSE=''
REBUILD_DOCS_TRUE='#'
RELDATE=''
SED='/usr/bin/sed'
SET_MAKE=''
SHELL='/bin/sh'
STATIC_BINARIES=''
STRIP='strip'
TAR='/usr/bin/tar'
TEST_C14N=''
TEST_CATALOG=''
TEST_DEBUG=''
TEST_HTML=''
TEST_MODULES=''
TEST_PATTERN=''
TEST_PHTML=''
TEST_PUSH=''
TEST_REGEXPS=''
TEST_SAX=''
TEST_SCHEMAS=''
TEST_SCHEMATRON=''
TEST_THREADS=''
TEST_VALID=''
TEST_VTIME=''
TEST_XINCLUDE=''
TEST_XPATH=''
TEST_XPTR=''
THREADS_W32_FALSE=''
THREADS_W32_TRUE=''
THREAD_CFLAGS=''
THREAD_LIBS=''
USE_VERSION_SCRIPT_FALSE=''
USE_VERSION_SCRIPT_TRUE='#'
VERSION='2.9.1'
VERSION_SCRIPT_FLAGS=''
WGET='/usr/bin/wget'
WIN32_EXTRA_LDFLAGS=''
WIN32_EXTRA_LIBADD=''
WIN32_EXTRA_PYTHON_LIBADD=''
WITH_C14N=''
WITH_CATALOG=''
WITH_DEBUG=''
WITH_DOCB=''
WITH_FTP=''
WITH_HTML=''
WITH_HTTP=''
WITH_ICONV=''
WITH_ICU=''
WITH_ISO8859X=''
WITH_LEGACY=''
WITH_LZMA='0'
WITH_MEM_DEBUG=''
WITH_MODULES=''
WITH_OUTPUT=''
WITH_PATTERN=''
WITH_PUSH=''
WITH_PYTHON_FALSE=''
WITH_PYTHON_TRUE=''
WITH_READER=''
WITH_REGEXPS=''
WITH_RUN_DEBUG=''
WITH_SAX1=''
WITH_SAX1_SOURCES_FALSE=''
WITH_SAX1_SOURCES_TRUE=''
WITH_SCHEMAS=''
WITH_SCHEMATRON=''
WITH_THREADS=''
WITH_THREAD_ALLOC=''
WITH_TREE=''
WITH_TRIO=''
WITH_TRIO_SOURCES_FALSE=''
WITH_TRIO_SOURCES_TRUE=''
WITH_VALID=''
WITH_WRITER=''
WITH_XINCLUDE=''
WITH_XPATH=''
WITH_XPTR=''
WITH_ZLIB='1'
XINCLUDE_OBJ=''
XMLLINT='/usr/bin/xmllint'
XML_CFLAGS=''
XML_INCLUDEDIR=''
XML_LIBDIR=''
XML_LIBS=''
XML_LIBTOOLLIBS=''
XPATH_OBJ=''
XPTR_OBJ=''
XSLTPROC='/usr/bin/xsltproc'
Z_CFLAGS=''
Z_LIBS='-lz'
ac_ct_AR='ar'
ac_ct_CC='gcc'
ac_ct_DUMPBIN=''
am__EXEEXT_FALSE=''
am__EXEEXT_TRUE=''
am__fastdepCC_FALSE='#'
am__fastdepCC_TRUE=''
am__include='include'
am__isrc=''
am__leading_dot='.'
am__quote=''
am__tar='${AMTAR} chof - "$$tardir"'
am__untar='${AMTAR} xf -'
bindir='${exec_prefix}/bin'
build='i386-apple-darwin13.0.0'
build_alias=''
build_cpu='i386'
build_os='darwin13.0.0'
build_vendor='apple'
datadir='${datarootdir}'
datarootdir='${prefix}/share'
docdir='${datarootdir}/doc/${PACKAGE}'
dvidir='${docdir}'
exec_prefix='NONE'
host='i386-apple-darwin13.0.0'
host_alias=''
host_cpu='i386'
host_os='darwin13.0.0'
host_vendor='apple'
htmldir='${docdir}'
includedir='${prefix}/include'
infodir='${datarootdir}/info'
install_sh='${SHELL} /Tint/webkit.js/deps/libxml2/install-sh'
libdir='${exec_prefix}/lib'
libexecdir='${exec_prefix}/libexec'
localedir='${datarootdir}/locale'
localstatedir='${prefix}/var'
mandir='${datarootdir}/man'
mkdir_p='$(top_builddir)/./install-sh -c -d'
oldincludedir='/usr/include'
pdfdir='${docdir}'
prefix='NONE'
program_transform_name='s,x,x,'
psdir='${docdir}'
pythondir=''
sbindir='${exec_prefix}/sbin'
sharedstatedir='${prefix}/com'
sysconfdir='${prefix}/etc'
target_alias=''

## ----------- ##
## confdefs.h. ##
## ----------- ##

/* confdefs.h */
#define PACKAGE_NAME ""
#define PACKAGE_TARNAME ""
#define PACKAGE_VERSION ""
#define PACKAGE_STRING ""
#define PACKAGE_BUGREPORT ""
#define PACKAGE_URL ""
#define PACKAGE "libxml2"
#define VERSION "2.9.1"
#define STDC_HEADERS 1
#define HAVE_SYS_TYPES_H 1
#define HAVE_SYS_STAT_H 1
#define HAVE_STDLIB_H 1
#define HAVE_STRING_H 1
#define HAVE_MEMORY_H 1
#define HAVE_STRINGS_H 1
#define HAVE_INTTYPES_H 1
#define HAVE_STDINT_H 1
#define HAVE_UNISTD_H 1
#define HAVE_DLFCN_H 1
#define LT_OBJDIR ".libs/"
#define HAVE_ZLIB_H 1
#define HAVE_LIBZ 1

configure: exit 258
